Build started 4/7/2016 12:05:34 AM.
     1>Project "\\andrew.ad.cmu.edu\users\users4\ymao1\Desktop\PDFA\PDFA\PDFA\PDFA\PDFA.vcxproj" on node 2 (Build target(s)).
     1>ClCompile:
         C:\Program Files (x86)\Microsoft Visual Studio 12.0\VC\bin\CL.exe /c /I\\andrew.ad.cmu.edu\users\users4\ymao1\Desktop\PDFA\PDFA\PDFA\PDFA\include /ZI /nologo /W3 /WX- /sdl /Od /Oy- /D _CRT_SECURE_NO_WARNINGS /D _MBCS /Gm /EHsc /RTC1 /MDd /GS /fp:precise /Zc:wchar_t /Zc:forScope /Fo"Debug\\" /Fd"Debug\vc120.pdb" /Gd /TP /analyze- /errorReport:prompt src\Application.cpp
         Application.cpp
       Link:
         C:\Program Files (x86)\Microsoft Visual Studio 12.0\VC\bin\link.exe /ERRORREPORT:PROMPT /OUT:"\\andrew.ad.cmu.edu\users\users4\ymao1\Desktop\PDFA\PDFA\PDFA\Debug\PDFA.exe" /INCREMENTAL /NOLOGO /LIBPATH:\\andrew.ad.cmu.edu\users\users4\ymao1\Desktop\PDFA\PDFA\PDFA\PDFA\libs glew32.lib glfw3_d.lib opengl32.lib SOIL.lib kernel32.lib user32.lib gdi32.lib winspool.lib comdlg32.lib advapi32.lib shell32.lib ole32.lib oleaut32.lib uuid.lib odbc32.lib odbccp32.lib /MANIFEST /MANIFESTUAC:"level='asInvoker' uiAccess='false'" /manifest:embed /DEBUG /PDB:"\\andrew.ad.cmu.edu\users\users4\ymao1\Desktop\PDFA\PDFA\PDFA\Debug\PDFA.pdb" /TLBID:1 /DYNAMICBASE /NXCOMPAT /IMPLIB:"\\andrew.ad.cmu.edu\users\users4\ymao1\Desktop\PDFA\PDFA\PDFA\Debug\PDFA.lib" /MACHINE:X86 Debug\imgui.obj
         Debug\imgui_demo.obj
         Debug\imgui_draw.obj
         Debug\imgui_impl_glfw_gl3.obj
         Debug\Application.obj
         Debug\main.obj
         Debug\XRShaderUtils.obj
         SOIL.lib(SOIL.obj) : MSIL .netmodule or module compiled with /GL found; restarting link with /LTCG; add /LTCG to the link command line to improve linker performance
     1>LINK : warning LNK4075: ignoring '/INCREMENTAL' due to '/LTCG' specification
     1>imgui.obj : warning LNK4075: ignoring '/EDITANDCONTINUE' due to '/OPT:LBR' specification
     1>LINK : warning LNK4098: defaultlib 'MSVCRT' conflicts with use of other libs; use /NODEFAULTLIB:library
         Generating code
         Finished generating code
     1>SOIL.lib(SOIL.obj) : warning LNK4099: PDB 'vc120.pdb' was not found with 'SOIL.lib(SOIL.obj)' or at '\\andrew.ad.cmu.edu\users\users4\ymao1\Desktop\PDFA\PDFA\PDFA\Debug\vc120.pdb'; linking object as if no debug info
     1>SOIL.lib(stb_image_aug.obj) : warning LNK4099: PDB 'vc120.pdb' was not found with 'SOIL.lib(stb_image_aug.obj)' or at '\\andrew.ad.cmu.edu\users\users4\ymao1\Desktop\PDFA\PDFA\PDFA\Debug\vc120.pdb'; linking object as if no debug info
     1>SOIL.lib(image_helper.obj) : warning LNK4099: PDB 'vc120.pdb' was not found with 'SOIL.lib(image_helper.obj)' or at '\\andrew.ad.cmu.edu\users\users4\ymao1\Desktop\PDFA\PDFA\PDFA\Debug\vc120.pdb'; linking object as if no debug info
     1>SOIL.lib(image_DXT.obj) : warning LNK4099: PDB 'vc120.pdb' was not found with 'SOIL.lib(image_DXT.obj)' or at '\\andrew.ad.cmu.edu\users\users4\ymao1\Desktop\PDFA\PDFA\PDFA\Debug\vc120.pdb'; linking object as if no debug info
     1>glfw3_d.lib(context.obj) : warning LNK4099: PDB 'vc120.pdb' was not found with 'glfw3_d.lib(context.obj)' or at '\\andrew.ad.cmu.edu\users\users4\ymao1\Desktop\PDFA\PDFA\PDFA\Debug\vc120.pdb'; linking object as if no debug info
     1>glfw3_d.lib(init.obj) : warning LNK4099: PDB 'vc120.pdb' was not found with 'glfw3_d.lib(init.obj)' or at '\\andrew.ad.cmu.edu\users\users4\ymao1\Desktop\PDFA\PDFA\PDFA\Debug\vc120.pdb'; linking object as if no debug info
     1>glfw3_d.lib(input.obj) : warning LNK4099: PDB 'vc120.pdb' was not found with 'glfw3_d.lib(input.obj)' or at '\\andrew.ad.cmu.edu\users\users4\ymao1\Desktop\PDFA\PDFA\PDFA\Debug\vc120.pdb'; linking object as if no debug info
     1>glfw3_d.lib(monitor.obj) : warning LNK4099: PDB 'vc120.pdb' was not found with 'glfw3_d.lib(monitor.obj)' or at '\\andrew.ad.cmu.edu\users\users4\ymao1\Desktop\PDFA\PDFA\PDFA\Debug\vc120.pdb'; linking object as if no debug info
     1>glfw3_d.lib(window.obj) : warning LNK4099: PDB 'vc120.pdb' was not found with 'glfw3_d.lib(window.obj)' or at '\\andrew.ad.cmu.edu\users\users4\ymao1\Desktop\PDFA\PDFA\PDFA\Debug\vc120.pdb'; linking object as if no debug info
     1>glfw3_d.lib(win32_init.obj) : warning LNK4099: PDB 'vc120.pdb' was not found with 'glfw3_d.lib(win32_init.obj)' or at '\\andrew.ad.cmu.edu\users\users4\ymao1\Desktop\PDFA\PDFA\PDFA\Debug\vc120.pdb'; linking object as if no debug info
     1>glfw3_d.lib(win32_monitor.obj) : warning LNK4099: PDB 'vc120.pdb' was not found with 'glfw3_d.lib(win32_monitor.obj)' or at '\\andrew.ad.cmu.edu\users\users4\ymao1\Desktop\PDFA\PDFA\PDFA\Debug\vc120.pdb'; linking object as if no debug info
     1>glfw3_d.lib(win32_time.obj) : warning LNK4099: PDB 'vc120.pdb' was not found with 'glfw3_d.lib(win32_time.obj)' or at '\\andrew.ad.cmu.edu\users\users4\ymao1\Desktop\PDFA\PDFA\PDFA\Debug\vc120.pdb'; linking object as if no debug info
     1>glfw3_d.lib(win32_tls.obj) : warning LNK4099: PDB 'vc120.pdb' was not found with 'glfw3_d.lib(win32_tls.obj)' or at '\\andrew.ad.cmu.edu\users\users4\ymao1\Desktop\PDFA\PDFA\PDFA\Debug\vc120.pdb'; linking object as if no debug info
     1>glfw3_d.lib(win32_window.obj) : warning LNK4099: PDB 'vc120.pdb' was not found with 'glfw3_d.lib(win32_window.obj)' or at '\\andrew.ad.cmu.edu\users\users4\ymao1\Desktop\PDFA\PDFA\PDFA\Debug\vc120.pdb'; linking object as if no debug info
     1>glfw3_d.lib(winmm_joystick.obj) : warning LNK4099: PDB 'vc120.pdb' was not found with 'glfw3_d.lib(winmm_joystick.obj)' or at '\\andrew.ad.cmu.edu\users\users4\ymao1\Desktop\PDFA\PDFA\PDFA\Debug\vc120.pdb'; linking object as if no debug info
     1>glfw3_d.lib(wgl_context.obj) : warning LNK4099: PDB 'vc120.pdb' was not found with 'glfw3_d.lib(wgl_context.obj)' or at '\\andrew.ad.cmu.edu\users\users4\ymao1\Desktop\PDFA\PDFA\PDFA\Debug\vc120.pdb'; linking object as if no debug info
         PDFA.vcxproj -> \\andrew.ad.cmu.edu\users\users4\ymao1\Desktop\PDFA\PDFA\PDFA\Debug\PDFA.exe
     1>Done Building Project "\\andrew.ad.cmu.edu\users\users4\ymao1\Desktop\PDFA\PDFA\PDFA\PDFA\PDFA.vcxproj" (Build target(s)).

Build succeeded.

Time Elapsed 00:00:05.22
